{"C:\\tusur_study\\diploma\\application\\server\\src\\__tests__\\testApp.js": {"path":"C:\\tusur_study\\diploma\\application\\server\\src\\__tests__\\testApp.js","statementMap":{"0":{"start":{"line":1,"column":0},"end":{"line":1,"column":87}},"1":{"start":{"line":3,"column":16},"end":{"line":3,"column":34}},"2":{"start":{"line":4,"column":16},"end":{"line":4,"column":31}},"3":{"start":{"line":6,"column":27},"end":{"line":6,"column":52}},"4":{"start":{"line":7,"column":27},"end":{"line":7,"column":58}},"5":{"start":{"line":8,"column":27},"end":{"line":8,"column":60}},"6":{"start":{"line":9,"column":27},"end":{"line":9,"column":54}},"7":{"start":{"line":10,"column":27},"end":{"line":10,"column":53}},"8":{"start":{"line":11,"column":27},"end":{"line":11,"column":56}},"9":{"start":{"line":13,"column":12},"end":{"line":13,"column":21}},"10":{"start":{"line":14,"column":0},"end":{"line":14,"column":16}},"11":{"start":{"line":15,"column":0},"end":{"line":15,"column":24}},"12":{"start":{"line":17,"column":0},"end":{"line":17,"column":41}},"13":{"start":{"line":18,"column":0},"end":{"line":18,"column":47}},"14":{"start":{"line":19,"column":0},"end":{"line":19,"column":49}},"15":{"start":{"line":20,"column":0},"end":{"line":20,"column":43}},"16":{"start":{"line":21,"column":0},"end":{"line":21,"column":42}},"17":{"start":{"line":22,"column":0},"end":{"line":22,"column":45}},"18":{"start":{"line":24,"column":0},"end":{"line":24,"column":21}}},"fnMap":{},"branchMap":{},"s":{"0":1,"1":1,"2":1,"3":1,"4":1,"5":1,"6":1,"7":1,"8":1,"9":1,"10":1,"11":1,"12":1,"13":1,"14":1,"15":1,"16":1,"17":1,"18":1},"f":{},"b":{},"_coverageSchema":"1a1c01bbd47fc00a2c39e90264f33305004495a9","hash":"54ece8e840569b58b6038b7df8096d197a14456c"}
,"C:\\tusur_study\\diploma\\application\\server\\src\\middleware\\auth.js": {"path":"C:\\tusur_study\\diploma\\application\\server\\src\\middleware\\auth.js","statementMap":{"0":{"start":{"line":1,"column":12},"end":{"line":1,"column":35}},"1":{"start":{"line":3,"column":0},"end":{"line":16,"column":2}},"2":{"start":{"line":4,"column":17},"end":{"line":4,"column":42}},"3":{"start":{"line":5,"column":2},"end":{"line":7,"column":3}},"4":{"start":{"line":6,"column":4},"end":{"line":6,"column":61}},"5":{"start":{"line":8,"column":16},"end":{"line":8,"column":31}},"6":{"start":{"line":9,"column":2},"end":{"line":15,"column":3}},"7":{"start":{"line":10,"column":20},"end":{"line":10,"column":61}},"8":{"start":{"line":11,"column":4},"end":{"line":11,"column":24}},"9":{"start":{"line":12,"column":4},"end":{"line":12,"column":11}},"10":{"start":{"line":14,"column":4},"end":{"line":14,"column":67}}},"fnMap":{"0":{"name":"requireAuth","decl":{"start":{"line":3,"column":26},"end":{"line":3,"column":37}},"loc":{"start":{"line":3,"column":54},"end":{"line":16,"column":1}},"line":3}},"branchMap":{"0":{"loc":{"start":{"line":5,"column":2},"end":{"line":7,"column":3}},"type":"if","locations":[{"start":{"line":5,"column":2},"end":{"line":7,"column":3}},{"start":{},"end":{}}],"line":5},"1":{"loc":{"start":{"line":5,"column":6},"end":{"line":5,"column":46}},"type":"binary-expr","locations":[{"start":{"line":5,"column":6},"end":{"line":5,"column":13}},{"start":{"line":5,"column":17},"end":{"line":5,"column":46}}],"line":5}},"s":{"0":1,"1":1,"2":17,"3":17,"4":4,"5":13,"6":13,"7":13,"8":13,"9":13,"10":0},"f":{"0":17},"b":{"0":[4,13],"1":[17,13]},"_coverageSchema":"1a1c01bbd47fc00a2c39e90264f33305004495a9","hash":"3c4b0cbee4bcf9292f5884aaef39678dd46dc5fe"}
,"C:\\tusur_study\\diploma\\application\\server\\src\\routes\\applications.js": {"path":"C:\\tusur_study\\diploma\\application\\server\\src\\routes\\applications.js","statementMap":{"0":{"start":{"line":1,"column":15},"end":{"line":1,"column":42}},"1":{"start":{"line":2,"column":25},"end":{"line":2,"column":50}},"2":{"start":{"line":3,"column":20},"end":{"line":3,"column":49}},"3":{"start":{"line":5,"column":15},"end":{"line":5,"column":33}},"4":{"start":{"line":8,"column":0},"end":{"line":34,"column":3}},"5":{"start":{"line":9,"column":58},"end":{"line":9,"column":67}},"6":{"start":{"line":11,"column":16},"end":{"line":11,"column":18}},"7":{"start":{"line":12,"column":2},"end":{"line":12,"column":61}},"8":{"start":{"line":12,"column":19},"end":{"line":12,"column":61}},"9":{"start":{"line":13,"column":2},"end":{"line":17,"column":3}},"10":{"start":{"line":14,"column":4},"end":{"line":14,"column":27}},"11":{"start":{"line":15,"column":4},"end":{"line":15,"column":53}},"12":{"start":{"line":15,"column":14},"end":{"line":15,"column":53}},"13":{"start":{"line":16,"column":4},"end":{"line":16,"column":65}},"14":{"start":{"line":16,"column":14},"end":{"line":16,"column":65}},"15":{"start":{"line":19,"column":25},"end":{"line":31,"column":4}},"16":{"start":{"line":33,"column":2},"end":{"line":33,"column":51}},"17":{"start":{"line":36,"column":0},"end":{"line":36,"column":24}}},"fnMap":{"0":{"name":"(anonymous_0)","decl":{"start":{"line":8,"column":29},"end":{"line":8,"column":30}},"loc":{"start":{"line":8,"column":49},"end":{"line":34,"column":1}},"line":8}},"branchMap":{"0":{"loc":{"start":{"line":9,"column":33},"end":{"line":9,"column":41}},"type":"default-arg","locations":[{"start":{"line":9,"column":40},"end":{"line":9,"column":41}}],"line":9},"1":{"loc":{"start":{"line":9,"column":43},"end":{"line":9,"column":53}},"type":"default-arg","locations":[{"start":{"line":9,"column":51},"end":{"line":9,"column":53}}],"line":9},"2":{"loc":{"start":{"line":12,"column":2},"end":{"line":12,"column":61}},"type":"if","locations":[{"start":{"line":12,"column":2},"end":{"line":12,"column":61}},{"start":{},"end":{}}],"line":12},"3":{"loc":{"start":{"line":13,"column":2},"end":{"line":17,"column":3}},"type":"if","locations":[{"start":{"line":13,"column":2},"end":{"line":17,"column":3}},{"start":{},"end":{}}],"line":13},"4":{"loc":{"start":{"line":13,"column":6},"end":{"line":13,"column":16}},"type":"binary-expr","locations":[{"start":{"line":13,"column":6},"end":{"line":13,"column":10}},{"start":{"line":13,"column":14},"end":{"line":13,"column":16}}],"line":13},"5":{"loc":{"start":{"line":15,"column":4},"end":{"line":15,"column":53}},"type":"if","locations":[{"start":{"line":15,"column":4},"end":{"line":15,"column":53}},{"start":{},"end":{}}],"line":15},"6":{"loc":{"start":{"line":16,"column":4},"end":{"line":16,"column":65}},"type":"if","locations":[{"start":{"line":16,"column":4},"end":{"line":16,"column":65}},{"start":{},"end":{}}],"line":16}},"s":{"0":1,"1":1,"2":1,"3":1,"4":1,"5":3,"6":3,"7":3,"8":1,"9":3,"10":1,"11":1,"12":1,"13":1,"14":1,"15":3,"16":3,"17":1},"f":{"0":3},"b":{"0":[3],"1":[3],"2":[1,2],"3":[1,2],"4":[3,2],"5":[1,0],"6":[1,0]},"_coverageSchema":"1a1c01bbd47fc00a2c39e90264f33305004495a9","hash":"318ac82375e11fc7a88e47c48b02de1beca37afe"}
,"C:\\tusur_study\\diploma\\application\\server\\src\\routes\\auth.js": {"path":"C:\\tusur_study\\diploma\\application\\server\\src\\routes\\auth.js","statementMap":{"0":{"start":{"line":1,"column":15},"end":{"line":1,"column":42}},"1":{"start":{"line":2,"column":15},"end":{"line":2,"column":34}},"2":{"start":{"line":3,"column":12},"end":{"line":3,"column":35}},"3":{"start":{"line":4,"column":25},"end":{"line":4,"column":50}},"4":{"start":{"line":6,"column":15},"end":{"line":6,"column":33}},"5":{"start":{"line":9,"column":0},"end":{"line":32,"column":3}},"6":{"start":{"line":10,"column":33},"end":{"line":10,"column":41}},"7":{"start":{"line":11,"column":2},"end":{"line":13,"column":3}},"8":{"start":{"line":12,"column":4},"end":{"line":12,"column":69}},"9":{"start":{"line":15,"column":16},"end":{"line":15,"column":70}},"10":{"start":{"line":16,"column":2},"end":{"line":18,"column":3}},"11":{"start":{"line":17,"column":4},"end":{"line":17,"column":72}},"12":{"start":{"line":20,"column":13},"end":{"line":20,"column":63}},"13":{"start":{"line":21,"column":2},"end":{"line":23,"column":3}},"14":{"start":{"line":22,"column":4},"end":{"line":22,"column":72}},"15":{"start":{"line":25,"column":16},"end":{"line":29,"column":3}},"16":{"start":{"line":31,"column":2},"end":{"line":31,"column":48}},"17":{"start":{"line":35,"column":20},"end":{"line":35,"column":49}},"18":{"start":{"line":36,"column":0},"end":{"line":49,"column":3}},"19":{"start":{"line":37,"column":43},"end":{"line":37,"column":51}},"20":{"start":{"line":38,"column":2},"end":{"line":40,"column":3}},"21":{"start":{"line":39,"column":4},"end":{"line":39,"column":85}},"22":{"start":{"line":42,"column":16},"end":{"line":42,"column":78}},"23":{"start":{"line":43,"column":13},"end":{"line":43,"column":70}},"24":{"start":{"line":44,"column":2},"end":{"line":44,"column":77}},"25":{"start":{"line":44,"column":11},"end":{"line":44,"column":77}},"26":{"start":{"line":46,"column":23},"end":{"line":46,"column":57}},"27":{"start":{"line":47,"column":2},"end":{"line":47,"column":85}},"28":{"start":{"line":48,"column":2},"end":{"line":48,"column":25}},"29":{"start":{"line":51,"column":0},"end":{"line":51,"column":24}}},"fnMap":{"0":{"name":"(anonymous_0)","decl":{"start":{"line":9,"column":22},"end":{"line":9,"column":23}},"loc":{"start":{"line":9,"column":42},"end":{"line":32,"column":1}},"line":9},"1":{"name":"(anonymous_1)","decl":{"start":{"line":36,"column":45},"end":{"line":36,"column":46}},"loc":{"start":{"line":36,"column":65},"end":{"line":49,"column":1}},"line":36}},"branchMap":{"0":{"loc":{"start":{"line":11,"column":2},"end":{"line":13,"column":3}},"type":"if","locations":[{"start":{"line":11,"column":2},"end":{"line":13,"column":3}},{"start":{},"end":{}}],"line":11},"1":{"loc":{"start":{"line":11,"column":6},"end":{"line":11,"column":28}},"type":"binary-expr","locations":[{"start":{"line":11,"column":6},"end":{"line":11,"column":15}},{"start":{"line":11,"column":19},"end":{"line":11,"column":28}}],"line":11},"2":{"loc":{"start":{"line":16,"column":2},"end":{"line":18,"column":3}},"type":"if","locations":[{"start":{"line":16,"column":2},"end":{"line":18,"column":3}},{"start":{},"end":{}}],"line":16},"3":{"loc":{"start":{"line":21,"column":2},"end":{"line":23,"column":3}},"type":"if","locations":[{"start":{"line":21,"column":2},"end":{"line":23,"column":3}},{"start":{},"end":{}}],"line":21},"4":{"loc":{"start":{"line":38,"column":2},"end":{"line":40,"column":3}},"type":"if","locations":[{"start":{"line":38,"column":2},"end":{"line":40,"column":3}},{"start":{},"end":{}}],"line":38},"5":{"loc":{"start":{"line":38,"column":6},"end":{"line":38,"column":64}},"type":"binary-expr","locations":[{"start":{"line":38,"column":6},"end":{"line":38,"column":22}},{"start":{"line":38,"column":26},"end":{"line":38,"column":38}},{"start":{"line":38,"column":42},"end":{"line":38,"column":64}}],"line":38},"6":{"loc":{"start":{"line":44,"column":2},"end":{"line":44,"column":77}},"type":"if","locations":[{"start":{"line":44,"column":2},"end":{"line":44,"column":77}},{"start":{},"end":{}}],"line":44}},"s":{"0":1,"1":1,"2":1,"3":1,"4":1,"5":1,"6":4,"7":4,"8":1,"9":3,"10":3,"11":1,"12":2,"13":2,"14":1,"15":1,"16":1,"17":1,"18":1,"19":0,"20":0,"21":0,"22":0,"23":0,"24":0,"25":0,"26":0,"27":0,"28":0,"29":1},"f":{"0":4,"1":0},"b":{"0":[1,3],"1":[4,3],"2":[1,2],"3":[1,1],"4":[0,0],"5":[0,0,0],"6":[0,0]},"_coverageSchema":"1a1c01bbd47fc00a2c39e90264f33305004495a9","hash":"a6c3883e78fc34505bf64791fc66f891264588ea"}
,"C:\\tusur_study\\diploma\\application\\server\\src\\routes\\directions.js": {"path":"C:\\tusur_study\\diploma\\application\\server\\src\\routes\\directions.js","statementMap":{"0":{"start":{"line":1,"column":15},"end":{"line":1,"column":42}},"1":{"start":{"line":2,"column":25},"end":{"line":2,"column":50}},"2":{"start":{"line":3,"column":20},"end":{"line":3,"column":49}},"3":{"start":{"line":5,"column":15},"end":{"line":5,"column":33}},"4":{"start":{"line":8,"column":0},"end":{"line":20,"column":3}},"5":{"start":{"line":9,"column":21},"end":{"line":18,"column":4}},"6":{"start":{"line":19,"column":2},"end":{"line":19,"column":23}},"7":{"start":{"line":23,"column":0},"end":{"line":32,"column":3}},"8":{"start":{"line":24,"column":21},"end":{"line":30,"column":4}},"9":{"start":{"line":31,"column":2},"end":{"line":31,"column":23}},"10":{"start":{"line":35,"column":0},"end":{"line":45,"column":3}},"11":{"start":{"line":36,"column":76},"end":{"line":36,"column":84}},"12":{"start":{"line":37,"column":2},"end":{"line":44,"column":3}},"13":{"start":{"line":38,"column":22},"end":{"line":40,"column":6}},"14":{"start":{"line":41,"column":4},"end":{"line":41,"column":36}},"15":{"start":{"line":43,"column":4},"end":{"line":43,"column":47}},"16":{"start":{"line":48,"column":0},"end":{"line":60,"column":3}},"17":{"start":{"line":49,"column":13},"end":{"line":49,"column":36}},"18":{"start":{"line":50,"column":86},"end":{"line":50,"column":94}},"19":{"start":{"line":51,"column":2},"end":{"line":59,"column":3}},"20":{"start":{"line":52,"column":22},"end":{"line":55,"column":6}},"21":{"start":{"line":56,"column":4},"end":{"line":56,"column":24}},"22":{"start":{"line":58,"column":4},"end":{"line":58,"column":47}},"23":{"start":{"line":63,"column":0},"end":{"line":67,"column":3}},"24":{"start":{"line":64,"column":13},"end":{"line":64,"column":36}},"25":{"start":{"line":65,"column":2},"end":{"line":65,"column":78}},"26":{"start":{"line":66,"column":2},"end":{"line":66,"column":25}},"27":{"start":{"line":72,"column":0},"end":{"line":83,"column":3}},"28":{"start":{"line":73,"column":22},"end":{"line":73,"column":45}},"29":{"start":{"line":74,"column":59},"end":{"line":74,"column":67}},"30":{"start":{"line":75,"column":2},"end":{"line":82,"column":3}},"31":{"start":{"line":76,"column":15},"end":{"line":78,"column":6}},"32":{"start":{"line":79,"column":4},"end":{"line":79,"column":29}},"33":{"start":{"line":81,"column":4},"end":{"line":81,"column":47}},"34":{"start":{"line":86,"column":0},"end":{"line":98,"column":3}},"35":{"start":{"line":87,"column":13},"end":{"line":87,"column":38}},"36":{"start":{"line":88,"column":69},"end":{"line":88,"column":77}},"37":{"start":{"line":89,"column":2},"end":{"line":97,"column":3}},"38":{"start":{"line":90,"column":15},"end":{"line":93,"column":6}},"39":{"start":{"line":94,"column":4},"end":{"line":94,"column":17}},"40":{"start":{"line":96,"column":4},"end":{"line":96,"column":47}},"41":{"start":{"line":101,"column":0},"end":{"line":105,"column":3}},"42":{"start":{"line":102,"column":13},"end":{"line":102,"column":38}},"43":{"start":{"line":103,"column":2},"end":{"line":103,"column":81}},"44":{"start":{"line":104,"column":2},"end":{"line":104,"column":25}},"45":{"start":{"line":107,"column":0},"end":{"line":107,"column":24}}},"fnMap":{"0":{"name":"(anonymous_0)","decl":{"start":{"line":8,"column":16},"end":{"line":8,"column":17}},"loc":{"start":{"line":8,"column":36},"end":{"line":20,"column":1}},"line":8},"1":{"name":"(anonymous_1)","decl":{"start":{"line":23,"column":32},"end":{"line":23,"column":33}},"loc":{"start":{"line":23,"column":52},"end":{"line":32,"column":1}},"line":23},"2":{"name":"(anonymous_2)","decl":{"start":{"line":35,"column":30},"end":{"line":35,"column":31}},"loc":{"start":{"line":35,"column":50},"end":{"line":45,"column":1}},"line":35},"3":{"name":"(anonymous_3)","decl":{"start":{"line":48,"column":32},"end":{"line":48,"column":33}},"loc":{"start":{"line":48,"column":52},"end":{"line":60,"column":1}},"line":48},"4":{"name":"(anonymous_4)","decl":{"start":{"line":63,"column":35},"end":{"line":63,"column":36}},"loc":{"start":{"line":63,"column":55},"end":{"line":67,"column":1}},"line":63},"5":{"name":"(anonymous_5)","decl":{"start":{"line":72,"column":48},"end":{"line":72,"column":49}},"loc":{"start":{"line":72,"column":68},"end":{"line":83,"column":1}},"line":72},"6":{"name":"(anonymous_6)","decl":{"start":{"line":86,"column":49},"end":{"line":86,"column":50}},"loc":{"start":{"line":86,"column":69},"end":{"line":98,"column":1}},"line":86},"7":{"name":"(anonymous_7)","decl":{"start":{"line":101,"column":52},"end":{"line":101,"column":53}},"loc":{"start":{"line":101,"column":72},"end":{"line":105,"column":1}},"line":101}},"branchMap":{"0":{"loc":{"start":{"line":39,"column":77},"end":{"line":39,"column":93}},"type":"binary-expr","locations":[{"start":{"line":39,"column":77},"end":{"line":39,"column":87}},{"start":{"line":39,"column":91},"end":{"line":39,"column":93}}],"line":39},"1":{"loc":{"start":{"line":77,"column":46},"end":{"line":77,"column":63}},"type":"binary-expr","locations":[{"start":{"line":77,"column":46},"end":{"line":77,"column":57}},{"start":{"line":77,"column":61},"end":{"line":77,"column":63}}],"line":77},"2":{"loc":{"start":{"line":77,"column":92},"end":{"line":77,"column":106}},"type":"binary-expr","locations":[{"start":{"line":77,"column":92},"end":{"line":77,"column":101}},{"start":{"line":77,"column":105},"end":{"line":77,"column":106}}],"line":77}},"s":{"0":1,"1":1,"2":1,"3":1,"4":1,"5":3,"6":3,"7":1,"8":1,"9":1,"10":1,"11":1,"12":1,"13":1,"14":1,"15":0,"16":1,"17":1,"18":1,"19":1,"20":1,"21":1,"22":0,"23":1,"24":1,"25":1,"26":1,"27":1,"28":1,"29":1,"30":1,"31":1,"32":1,"33":0,"34":1,"35":1,"36":1,"37":1,"38":1,"39":1,"40":0,"41":1,"42":1,"43":1,"44":1,"45":1},"f":{"0":3,"1":1,"2":1,"3":1,"4":1,"5":1,"6":1,"7":1},"b":{"0":[1,0],"1":[1,0],"2":[1,0]},"_coverageSchema":"1a1c01bbd47fc00a2c39e90264f33305004495a9","hash":"98ec0da3a48ce78e3c65561219b4c274951e56ee"}
,"C:\\tusur_study\\diploma\\application\\server\\src\\routes\\funnel.js": {"path":"C:\\tusur_study\\diploma\\application\\server\\src\\routes\\funnel.js","statementMap":{"0":{"start":{"line":1,"column":15},"end":{"line":1,"column":42}},"1":{"start":{"line":2,"column":25},"end":{"line":2,"column":50}},"2":{"start":{"line":4,"column":15},"end":{"line":4,"column":33}},"3":{"start":{"line":6,"column":20},"end":{"line":13,"column":1}},"4":{"start":{"line":16,"column":0},"end":{"line":34,"column":3}},"5":{"start":{"line":17,"column":43},"end":{"line":17,"column":51}},"6":{"start":{"line":18,"column":2},"end":{"line":20,"column":3}},"7":{"start":{"line":19,"column":4},"end":{"line":19,"column":62}},"8":{"start":{"line":21,"column":2},"end":{"line":33,"column":3}},"9":{"start":{"line":22,"column":4},"end":{"line":29,"column":7}},"10":{"start":{"line":30,"column":4},"end":{"line":30,"column":27}},"11":{"start":{"line":32,"column":4},"end":{"line":32,"column":54}},"12":{"start":{"line":36,"column":0},"end":{"line":36,"column":24}}},"fnMap":{"0":{"name":"(anonymous_0)","decl":{"start":{"line":16,"column":22},"end":{"line":16,"column":23}},"loc":{"start":{"line":16,"column":42},"end":{"line":34,"column":1}},"line":16}},"branchMap":{"0":{"loc":{"start":{"line":18,"column":2},"end":{"line":20,"column":3}},"type":"if","locations":[{"start":{"line":18,"column":2},"end":{"line":20,"column":3}},{"start":{},"end":{}}],"line":18},"1":{"loc":{"start":{"line":18,"column":6},"end":{"line":18,"column":47}},"type":"binary-expr","locations":[{"start":{"line":18,"column":6},"end":{"line":18,"column":16}},{"start":{"line":18,"column":20},"end":{"line":18,"column":25}},{"start":{"line":18,"column":29},"end":{"line":18,"column":47}}],"line":18},"2":{"loc":{"start":{"line":27,"column":21},"end":{"line":27,"column":63}},"type":"cond-expr","locations":[{"start":{"line":27,"column":35},"end":{"line":27,"column":56}},{"start":{"line":27,"column":59},"end":{"line":27,"column":63}}],"line":27}},"s":{"0":1,"1":1,"2":1,"3":1,"4":1,"5":8,"6":8,"7":2,"8":6,"9":6,"10":6,"11":0,"12":1},"f":{"0":8},"b":{"0":[2,6],"1":[8,7,7],"2":[6,0]},"_coverageSchema":"1a1c01bbd47fc00a2c39e90264f33305004495a9","hash":"ac4089f3dd1ad3d0ff7f6b2ce6b1567af8a7ceca"}
,"C:\\tusur_study\\diploma\\application\\server\\src\\routes\\generate.js": {"path":"C:\\tusur_study\\diploma\\application\\server\\src\\routes\\generate.js","statementMap":{"0":{"start":{"line":1,"column":15},"end":{"line":1,"column":42}},"1":{"start":{"line":2,"column":25},"end":{"line":2,"column":50}},"2":{"start":{"line":3,"column":13},"end":{"line":3,"column":26}},"3":{"start":{"line":4,"column":13},"end":{"line":4,"column":28}},"4":{"start":{"line":5,"column":15},"end":{"line":5,"column":32}},"5":{"start":{"line":6,"column":22},"end":{"line":6,"column":46}},"6":{"start":{"line":7,"column":39},"end":{"line":7,"column":62}},"7":{"start":{"line":9,"column":15},"end":{"line":10,"column":73}},"8":{"start":{"line":13,"column":2},"end":{"line":13,"column":22}},"9":{"start":{"line":13,"column":12},"end":{"line":13,"column":22}},"10":{"start":{"line":14,"column":20},"end":{"line":14,"column":34}},"11":{"start":{"line":15,"column":14},"end":{"line":15,"column":50}},"12":{"start":{"line":16,"column":2},"end":{"line":16,"column":52}},"13":{"start":{"line":19,"column":15},"end":{"line":19,"column":33}},"14":{"start":{"line":21,"column":22},"end":{"line":21,"column":64}},"15":{"start":{"line":24,"column":15},"end":{"line":24,"column":50}},"16":{"start":{"line":25,"column":2},"end":{"line":25,"column":68}},"17":{"start":{"line":29,"column":0},"end":{"line":157,"column":3}},"18":{"start":{"line":39,"column":6},"end":{"line":39,"column":14}},"19":{"start":{"line":42,"column":2},"end":{"line":44,"column":3}},"20":{"start":{"line":43,"column":4},"end":{"line":43,"column":68}},"21":{"start":{"line":45,"column":2},"end":{"line":47,"column":3}},"22":{"start":{"line":46,"column":4},"end":{"line":46,"column":66}},"23":{"start":{"line":48,"column":2},"end":{"line":52,"column":3}},"24":{"start":{"line":49,"column":4},"end":{"line":51,"column":5}},"25":{"start":{"line":50,"column":6},"end":{"line":50,"column":78}},"26":{"start":{"line":53,"column":2},"end":{"line":55,"column":3}},"27":{"start":{"line":54,"column":4},"end":{"line":54,"column":73}},"28":{"start":{"line":58,"column":20},"end":{"line":58,"column":95}},"29":{"start":{"line":59,"column":2},"end":{"line":59,"column":83}},"30":{"start":{"line":59,"column":18},"end":{"line":59,"column":83}},"31":{"start":{"line":62,"column":20},"end":{"line":62,"column":22}},"32":{"start":{"line":63,"column":2},"end":{"line":67,"column":3}},"33":{"start":{"line":64,"column":16},"end":{"line":64,"column":100}},"34":{"start":{"line":65,"column":4},"end":{"line":65,"column":79}},"35":{"start":{"line":65,"column":14},"end":{"line":65,"column":79}},"36":{"start":{"line":66,"column":4},"end":{"line":66,"column":77}},"37":{"start":{"line":71,"column":2},"end":{"line":77,"column":3}},"38":{"start":{"line":72,"column":4},"end":{"line":72,"column":57}},"39":{"start":{"line":73,"column":4},"end":{"line":73,"column":49}},"40":{"start":{"line":75,"column":4},"end":{"line":75,"column":34}},"41":{"start":{"line":76,"column":4},"end":{"line":76,"column":32}},"42":{"start":{"line":79,"column":14},"end":{"line":79,"column":33}},"43":{"start":{"line":80,"column":16},"end":{"line":80,"column":32}},"44":{"start":{"line":82,"column":29},"end":{"line":82,"column":84}},"45":{"start":{"line":83,"column":29},"end":{"line":83,"column":94}},"46":{"start":{"line":84,"column":29},"end":{"line":84,"column":72}},"47":{"start":{"line":87,"column":23},"end":{"line":96,"column":3}},"48":{"start":{"line":99,"column":2},"end":{"line":105,"column":5}},"49":{"start":{"line":100,"column":14},"end":{"line":100,"column":19}},"50":{"start":{"line":101,"column":4},"end":{"line":101,"column":66}},"51":{"start":{"line":102,"column":4},"end":{"line":102,"column":80}},"52":{"start":{"line":103,"column":4},"end":{"line":103,"column":66}},"53":{"start":{"line":104,"column":4},"end":{"line":104,"column":64}},"54":{"start":{"line":109,"column":2},"end":{"line":118,"column":3}},"55":{"start":{"line":110,"column":25},"end":{"line":110,"column":54}},"56":{"start":{"line":111,"column":4},"end":{"line":113,"column":5}},"57":{"start":{"line":112,"column":6},"end":{"line":112,"column":97}},"58":{"start":{"line":114,"column":4},"end":{"line":114,"column":51}},"59":{"start":{"line":116,"column":4},"end":{"line":116,"column":45}},"60":{"start":{"line":117,"column":4},"end":{"line":117,"column":84}},"61":{"start":{"line":122,"column":2},"end":{"line":130,"column":3}},"62":{"start":{"line":123,"column":16},"end":{"line":123,"column":42}},"63":{"start":{"line":124,"column":16},"end":{"line":124,"column":81}},"64":{"start":{"line":125,"column":4},"end":{"line":125,"column":29}},"65":{"start":{"line":126,"column":4},"end":{"line":126,"column":86}},"66":{"start":{"line":128,"column":4},"end":{"line":128,"column":47}},"67":{"start":{"line":129,"column":4},"end":{"line":129,"column":73}},"68":{"start":{"line":133,"column":2},"end":{"line":151,"column":3}},"69":{"start":{"line":134,"column":4},"end":{"line":148,"column":5}},"70":{"start":{"line":135,"column":6},"end":{"line":147,"column":9}},"71":{"start":{"line":150,"column":4},"end":{"line":150,"column":39}},"72":{"start":{"line":153,"column":19},"end":{"line":153,"column":70}},"73":{"start":{"line":154,"column":2},"end":{"line":154,"column":107}},"74":{"start":{"line":155,"column":2},"end":{"line":155,"column":103}},"75":{"start":{"line":156,"column":2},"end":{"line":156,"column":22}},"76":{"start":{"line":159,"column":0},"end":{"line":159,"column":24}}},"fnMap":{"0":{"name":"formatDate","decl":{"start":{"line":12,"column":9},"end":{"line":12,"column":19}},"loc":{"start":{"line":12,"column":25},"end":{"line":17,"column":1}},"line":12},"1":{"name":"getTemplatePath","decl":{"start":{"line":23,"column":9},"end":{"line":23,"column":24}},"loc":{"start":{"line":23,"column":39},"end":{"line":26,"column":1}},"line":23},"2":{"name":"(anonymous_2)","decl":{"start":{"line":29,"column":17},"end":{"line":29,"column":18}},"loc":{"start":{"line":29,"column":37},"end":{"line":157,"column":1}},"line":29},"3":{"name":"(anonymous_3)","decl":{"start":{"line":99,"column":20},"end":{"line":99,"column":21}},"loc":{"start":{"line":99,"column":31},"end":{"line":105,"column":3}},"line":99}},"branchMap":{"0":{"loc":{"start":{"line":13,"column":2},"end":{"line":13,"column":22}},"type":"if","locations":[{"start":{"line":13,"column":2},"end":{"line":13,"column":22}},{"start":{},"end":{}}],"line":13},"1":{"loc":{"start":{"line":24,"column":15},"end":{"line":24,"column":50}},"type":"cond-expr","locations":[{"start":{"line":24,"column":37},"end":{"line":24,"column":42}},{"start":{"line":24,"column":45},"end":{"line":24,"column":50}}],"line":24},"2":{"loc":{"start":{"line":42,"column":2},"end":{"line":44,"column":3}},"type":"if","locations":[{"start":{"line":42,"column":2},"end":{"line":44,"column":3}},{"start":{},"end":{}}],"line":42},"3":{"loc":{"start":{"line":42,"column":6},"end":{"line":42,"column":86}},"type":"binary-expr","locations":[{"start":{"line":42,"column":6},"end":{"line":42,"column":18}},{"start":{"line":42,"column":22},"end":{"line":42,"column":44}},{"start":{"line":42,"column":48},"end":{"line":42,"column":54}},{"start":{"line":42,"column":58},"end":{"line":42,"column":71}},{"start":{"line":42,"column":75},"end":{"line":42,"column":86}}],"line":42},"4":{"loc":{"start":{"line":45,"column":2},"end":{"line":47,"column":3}},"type":"if","locations":[{"start":{"line":45,"column":2},"end":{"line":47,"column":3}},{"start":{},"end":{}}],"line":45},"5":{"loc":{"start":{"line":49,"column":4},"end":{"line":51,"column":5}},"type":"if","locations":[{"start":{"line":49,"column":4},"end":{"line":51,"column":5}},{"start":{},"end":{}}],"line":49},"6":{"loc":{"start":{"line":49,"column":8},"end":{"line":49,"column":36}},"type":"binary-expr","locations":[{"start":{"line":49,"column":8},"end":{"line":49,"column":21}},{"start":{"line":49,"column":25},"end":{"line":49,"column":36}}],"line":49},"7":{"loc":{"start":{"line":53,"column":2},"end":{"line":55,"column":3}},"type":"if","locations":[{"start":{"line":53,"column":2},"end":{"line":55,"column":3}},{"start":{},"end":{}}],"line":53},"8":{"loc":{"start":{"line":53,"column":6},"end":{"line":53,"column":72}},"type":"binary-expr","locations":[{"start":{"line":53,"column":6},"end":{"line":53,"column":29}},{"start":{"line":53,"column":34},"end":{"line":53,"column":49}},{"start":{"line":53,"column":53},"end":{"line":53,"column":71}}],"line":53},"9":{"loc":{"start":{"line":59,"column":2},"end":{"line":59,"column":83}},"type":"if","locations":[{"start":{"line":59,"column":2},"end":{"line":59,"column":83}},{"start":{},"end":{}}],"line":59},"10":{"loc":{"start":{"line":65,"column":4},"end":{"line":65,"column":79}},"type":"if","locations":[{"start":{"line":65,"column":4},"end":{"line":65,"column":79}},{"start":{},"end":{}}],"line":65},"11":{"loc":{"start":{"line":71,"column":2},"end":{"line":77,"column":3}},"type":"if","locations":[{"start":{"line":71,"column":2},"end":{"line":77,"column":3}},{"start":{"line":74,"column":9},"end":{"line":77,"column":3}}],"line":71},"12":{"loc":{"start":{"line":73,"column":14},"end":{"line":73,"column":48}},"type":"binary-expr","locations":[{"start":{"line":73,"column":14},"end":{"line":73,"column":34}},{"start":{"line":73,"column":38},"end":{"line":73,"column":48}}],"line":73},"13":{"loc":{"start":{"line":79,"column":14},"end":{"line":79,"column":33}},"type":"binary-expr","locations":[{"start":{"line":79,"column":14},"end":{"line":79,"column":23}},{"start":{"line":79,"column":27},"end":{"line":79,"column":33}}],"line":79},"14":{"loc":{"start":{"line":101,"column":40},"end":{"line":101,"column":65}},"type":"binary-expr","locations":[{"start":{"line":101,"column":40},"end":{"line":101,"column":54}},{"start":{"line":101,"column":58},"end":{"line":101,"column":65}}],"line":101},"15":{"loc":{"start":{"line":111,"column":4},"end":{"line":113,"column":5}},"type":"if","locations":[{"start":{"line":111,"column":4},"end":{"line":113,"column":5}},{"start":{},"end":{}}],"line":111},"16":{"loc":{"start":{"line":140,"column":29},"end":{"line":140,"column":49}},"type":"binary-expr","locations":[{"start":{"line":140,"column":29},"end":{"line":140,"column":43}},{"start":{"line":140,"column":47},"end":{"line":140,"column":49}}],"line":140},"17":{"loc":{"start":{"line":141,"column":29},"end":{"line":141,"column":52}},"type":"binary-expr","locations":[{"start":{"line":141,"column":29},"end":{"line":141,"column":46}},{"start":{"line":141,"column":50},"end":{"line":141,"column":52}}],"line":141}},"s":{"0":1,"1":1,"2":1,"3":1,"4":1,"5":1,"6":1,"7":1,"8":4,"9":0,"10":4,"11":4,"12":4,"13":1,"14":1,"15":1,"16":1,"17":1,"18":8,"19":8,"20":2,"21":6,"22":1,"23":5,"24":6,"25":1,"26":4,"27":1,"28":3,"29":3,"30":1,"31":2,"32":2,"33":3,"34":3,"35":1,"36":2,"37":1,"38":0,"39":0,"40":1,"41":1,"42":1,"43":1,"44":1,"45":1,"46":1,"47":1,"48":1,"49":2,"50":2,"51":2,"52":2,"53":2,"54":1,"55":1,"56":1,"57":1,"58":0,"59":0,"60":0,"61":0,"62":0,"63":0,"64":0,"65":0,"66":0,"67":0,"68":0,"69":0,"70":0,"71":0,"72":0,"73":0,"74":0,"75":0,"76":1},"f":{"0":4,"1":1,"2":8,"3":2},"b":{"0":[0,4],"1":[0,1],"2":[2,6],"3":[8,7,6,6,6],"4":[1,5],"5":[1,5],"6":[6,5],"7":[1,3],"8":[4,2,1],"9":[1,2],"10":[1,2],"11":[0,1],"12":[0,0],"13":[1,0],"14":[2,0],"15":[1,0],"16":[0,0],"17":[0,0]},"_coverageSchema":"1a1c01bbd47fc00a2c39e90264f33305004495a9","hash":"49013b3b56b97d08b6047c812430cd6c37ac65c1"}
,"C:\\tusur_study\\diploma\\application\\server\\src\\routes\\stats.js": {"path":"C:\\tusur_study\\diploma\\application\\server\\src\\routes\\stats.js","statementMap":{"0":{"start":{"line":1,"column":15},"end":{"line":1,"column":42}},"1":{"start":{"line":2,"column":25},"end":{"line":2,"column":50}},"2":{"start":{"line":3,"column":20},"end":{"line":3,"column":49}},"3":{"start":{"line":5,"column":15},"end":{"line":5,"column":33}},"4":{"start":{"line":8,"column":0},"end":{"line":58,"column":3}},"5":{"start":{"line":9,"column":14},"end":{"line":9,"column":24}},"6":{"start":{"line":10,"column":23},"end":{"line":10,"column":69}},"7":{"start":{"line":11,"column":23},"end":{"line":11,"column":56}},"8":{"start":{"line":13,"column":78},"end":{"line":37,"column":4}},"9":{"start":{"line":40,"column":21},"end":{"line":40,"column":95}},"10":{"start":{"line":41,"column":17},"end":{"line":41,"column":77}},"11":{"start":{"line":41,"column":56},"end":{"line":41,"column":75}},"12":{"start":{"line":43,"column":24},"end":{"line":43,"column":96}},"13":{"start":{"line":44,"column":16},"end":{"line":44,"column":74}},"14":{"start":{"line":44,"column":58},"end":{"line":44,"column":72}},"15":{"start":{"line":46,"column":2},"end":{"line":57,"column":5}},"16":{"start":{"line":48,"column":39},"end":{"line":51,"column":5}},"17":{"start":{"line":52,"column":37},"end":{"line":55,"column":5}},"18":{"start":{"line":56,"column":31},"end":{"line":56,"column":68}},"19":{"start":{"line":61,"column":0},"end":{"line":93,"column":3}},"20":{"start":{"line":63,"column":16},"end":{"line":63,"column":34}},"21":{"start":{"line":64,"column":20},"end":{"line":64,"column":93}},"22":{"start":{"line":66,"column":17},"end":{"line":73,"column":3}},"23":{"start":{"line":68,"column":6},"end":{"line":71,"column":28}},"24":{"start":{"line":71,"column":19},"end":{"line":71,"column":27}},"25":{"start":{"line":76,"column":20},"end":{"line":76,"column":52}},"26":{"start":{"line":78,"column":21},"end":{"line":83,"column":5}},"27":{"start":{"line":78,"column":42},"end":{"line":83,"column":3}},"28":{"start":{"line":85,"column":2},"end":{"line":90,"column":5}},"29":{"start":{"line":92,"column":2},"end":{"line":92,"column":23}},"30":{"start":{"line":96,"column":0},"end":{"line":118,"column":3}},"31":{"start":{"line":97,"column":15},"end":{"line":97,"column":67}},"32":{"start":{"line":98,"column":16},"end":{"line":98,"column":36}},"33":{"start":{"line":99,"column":16},"end":{"line":99,"column":40}},"34":{"start":{"line":101,"column":15},"end":{"line":104,"column":4}},"35":{"start":{"line":106,"column":18},"end":{"line":110,"column":5}},"36":{"start":{"line":106,"column":56},"end":{"line":110,"column":3}},"37":{"start":{"line":112,"column":2},"end":{"line":115,"column":3}},"38":{"start":{"line":113,"column":14},"end":{"line":113,"column":50}},"39":{"start":{"line":114,"column":4},"end":{"line":114,"column":23}},"40":{"start":{"line":117,"column":2},"end":{"line":117,"column":20}},"41":{"start":{"line":120,"column":0},"end":{"line":120,"column":24}}},"fnMap":{"0":{"name":"(anonymous_0)","decl":{"start":{"line":8,"column":37},"end":{"line":8,"column":38}},"loc":{"start":{"line":8,"column":57},"end":{"line":58,"column":1}},"line":8},"1":{"name":"(anonymous_1)","decl":{"start":{"line":41,"column":51},"end":{"line":41,"column":52}},"loc":{"start":{"line":41,"column":56},"end":{"line":41,"column":75}},"line":41},"2":{"name":"(anonymous_2)","decl":{"start":{"line":44,"column":53},"end":{"line":44,"column":54}},"loc":{"start":{"line":44,"column":58},"end":{"line":44,"column":72}},"line":44},"3":{"name":"(anonymous_3)","decl":{"start":{"line":48,"column":33},"end":{"line":48,"column":34}},"loc":{"start":{"line":48,"column":39},"end":{"line":51,"column":5}},"line":48},"4":{"name":"(anonymous_4)","decl":{"start":{"line":52,"column":31},"end":{"line":52,"column":32}},"loc":{"start":{"line":52,"column":37},"end":{"line":55,"column":5}},"line":52},"5":{"name":"(anonymous_5)","decl":{"start":{"line":56,"column":25},"end":{"line":56,"column":26}},"loc":{"start":{"line":56,"column":31},"end":{"line":56,"column":68}},"line":56},"6":{"name":"(anonymous_6)","decl":{"start":{"line":61,"column":35},"end":{"line":61,"column":36}},"loc":{"start":{"line":61,"column":55},"end":{"line":93,"column":1}},"line":61},"7":{"name":"(anonymous_7)","decl":{"start":{"line":67,"column":14},"end":{"line":67,"column":15}},"loc":{"start":{"line":68,"column":6},"end":{"line":71,"column":28}},"line":68},"8":{"name":"(anonymous_8)","decl":{"start":{"line":71,"column":14},"end":{"line":71,"column":15}},"loc":{"start":{"line":71,"column":19},"end":{"line":71,"column":27}},"line":71},"9":{"name":"(anonymous_9)","decl":{"start":{"line":78,"column":31},"end":{"line":78,"column":32}},"loc":{"start":{"line":78,"column":42},"end":{"line":83,"column":3}},"line":78},"10":{"name":"(anonymous_10)","decl":{"start":{"line":96,"column":36},"end":{"line":96,"column":37}},"loc":{"start":{"line":96,"column":56},"end":{"line":118,"column":1}},"line":96},"11":{"name":"(anonymous_11)","decl":{"start":{"line":106,"column":45},"end":{"line":106,"column":46}},"loc":{"start":{"line":106,"column":56},"end":{"line":110,"column":3}},"line":106}},"branchMap":{"0":{"loc":{"start":{"line":49,"column":12},"end":{"line":49,"column":46}},"type":"binary-expr","locations":[{"start":{"line":49,"column":12},"end":{"line":49,"column":33}},{"start":{"line":49,"column":37},"end":{"line":49,"column":46}}],"line":49},"1":{"loc":{"start":{"line":53,"column":12},"end":{"line":53,"column":48}},"type":"binary-expr","locations":[{"start":{"line":53,"column":12},"end":{"line":53,"column":35}},{"start":{"line":53,"column":39},"end":{"line":53,"column":48}}],"line":53},"2":{"loc":{"start":{"line":82,"column":9},"end":{"line":82,"column":70}},"type":"cond-expr","locations":[{"start":{"line":82,"column":25},"end":{"line":82,"column":66}},{"start":{"line":82,"column":69},"end":{"line":82,"column":70}}],"line":82},"3":{"loc":{"start":{"line":89,"column":9},"end":{"line":89,"column":70}},"type":"cond-expr","locations":[{"start":{"line":89,"column":25},"end":{"line":89,"column":66}},{"start":{"line":89,"column":69},"end":{"line":89,"column":70}}],"line":89},"4":{"loc":{"start":{"line":97,"column":15},"end":{"line":97,"column":67}},"type":"binary-expr","locations":[{"start":{"line":97,"column":15},"end":{"line":97,"column":39}},{"start":{"line":97,"column":43},"end":{"line":97,"column":67}}],"line":97}},"s":{"0":1,"1":1,"2":1,"3":1,"4":1,"5":1,"6":1,"7":1,"8":1,"9":1,"10":1,"11":2,"12":1,"13":1,"14":3,"15":1,"16":0,"17":0,"18":0,"19":1,"20":1,"21":1,"22":1,"23":6,"24":6,"25":1,"26":1,"27":6,"28":1,"29":1,"30":1,"31":1,"32":1,"33":1,"34":1,"35":1,"36":12,"37":1,"38":0,"39":0,"40":1,"41":1},"f":{"0":1,"1":2,"2":3,"3":0,"4":0,"5":0,"6":1,"7":6,"8":6,"9":6,"10":1,"11":12},"b":{"0":[0,0],"1":[0,0],"2":[6,0],"3":[1,0],"4":[1,0]},"_coverageSchema":"1a1c01bbd47fc00a2c39e90264f33305004495a9","hash":"c4cf8e1d6e81a8790a674e32d40231de77276210"}
,"C:\\tusur_study\\diploma\\application\\server\\src\\utils\\fio.js": {"path":"C:\\tusur_study\\diploma\\application\\server\\src\\utils\\fio.js","statementMap":{"0":{"start":{"line":1,"column":20},"end":{"line":1,"column":38}},"1":{"start":{"line":3,"column":15},"end":{"line":4,"column":73}},"2":{"start":{"line":7,"column":2},"end":{"line":7,"column":53}},"3":{"start":{"line":7,"column":37},"end":{"line":7,"column":53}},"4":{"start":{"line":8,"column":16},"end":{"line":8,"column":44}},"5":{"start":{"line":9,"column":2},"end":{"line":9,"column":40}},"6":{"start":{"line":9,"column":24},"end":{"line":9,"column":40}},"7":{"start":{"line":10,"column":17},"end":{"line":10,"column":82}},"8":{"start":{"line":11,"column":2},"end":{"line":14,"column":30}},"9":{"start":{"line":12,"column":14},"end":{"line":12,"column":36}},"10":{"start":{"line":13,"column":4},"end":{"line":13,"column":65}},"11":{"start":{"line":14,"column":12},"end":{"line":14,"column":28}},"12":{"start":{"line":18,"column":2},"end":{"line":18,"column":25}},"13":{"start":{"line":18,"column":13},"end":{"line":18,"column":25}},"14":{"start":{"line":19,"column":16},"end":{"line":19,"column":40}},"15":{"start":{"line":20,"column":15},"end":{"line":20,"column":27}},"16":{"start":{"line":20,"column":37},"end":{"line":20,"column":49}},"17":{"start":{"line":20,"column":60},"end":{"line":20,"column":72}},"18":{"start":{"line":21,"column":2},"end":{"line":26,"column":3}},"19":{"start":{"line":22,"column":25},"end":{"line":22,"column":100}},"20":{"start":{"line":23,"column":25},"end":{"line":23,"column":80}},"21":{"start":{"line":24,"column":25},"end":{"line":24,"column":104}},"22":{"start":{"line":25,"column":25},"end":{"line":25,"column":80}},"23":{"start":{"line":30,"column":2},"end":{"line":30,"column":22}},"24":{"start":{"line":30,"column":12},"end":{"line":30,"column":22}},"25":{"start":{"line":31,"column":20},"end":{"line":31,"column":34}},"26":{"start":{"line":32,"column":14},"end":{"line":32,"column":50}},"27":{"start":{"line":33,"column":2},"end":{"line":33,"column":52}},"28":{"start":{"line":36,"column":0},"end":{"line":36,"column":60}}},"fnMap":{"0":{"name":"declineFio","decl":{"start":{"line":6,"column":9},"end":{"line":6,"column":19}},"loc":{"start":{"line":6,"column":37},"end":{"line":15,"column":1}},"line":6},"1":{"name":"applyFioFormat","decl":{"start":{"line":17,"column":9},"end":{"line":17,"column":23}},"loc":{"start":{"line":17,"column":35},"end":{"line":27,"column":1}},"line":17},"2":{"name":"formatDate","decl":{"start":{"line":29,"column":9},"end":{"line":29,"column":19}},"loc":{"start":{"line":29,"column":25},"end":{"line":34,"column":1}},"line":29}},"branchMap":{"0":{"loc":{"start":{"line":7,"column":2},"end":{"line":7,"column":53}},"type":"if","locations":[{"start":{"line":7,"column":2},"end":{"line":7,"column":53}},{"start":{},"end":{}}],"line":7},"1":{"loc":{"start":{"line":7,"column":6},"end":{"line":7,"column":35}},"type":"binary-expr","locations":[{"start":{"line":7,"column":6},"end":{"line":7,"column":15}},{"start":{"line":7,"column":19},"end":{"line":7,"column":35}}],"line":7},"2":{"loc":{"start":{"line":9,"column":2},"end":{"line":9,"column":40}},"type":"if","locations":[{"start":{"line":9,"column":2},"end":{"line":9,"column":40}},{"start":{},"end":{}}],"line":9},"3":{"loc":{"start":{"line":10,"column":25},"end":{"line":10,"column":37}},"type":"binary-expr","locations":[{"start":{"line":10,"column":25},"end":{"line":10,"column":33}},{"start":{"line":10,"column":35},"end":{"line":10,"column":37}}],"line":10},"4":{"loc":{"start":{"line":10,"column":46},"end":{"line":10,"column":58}},"type":"binary-expr","locations":[{"start":{"line":10,"column":46},"end":{"line":10,"column":54}},{"start":{"line":10,"column":56},"end":{"line":10,"column":58}}],"line":10},"5":{"loc":{"start":{"line":10,"column":68},"end":{"line":10,"column":80}},"type":"binary-expr","locations":[{"start":{"line":10,"column":68},"end":{"line":10,"column":76}},{"start":{"line":10,"column":78},"end":{"line":10,"column":80}}],"line":10},"6":{"loc":{"start":{"line":18,"column":2},"end":{"line":18,"column":25}},"type":"if","locations":[{"start":{"line":18,"column":2},"end":{"line":18,"column":25}},{"start":{},"end":{}}],"line":18},"7":{"loc":{"start":{"line":20,"column":15},"end":{"line":20,"column":27}},"type":"binary-expr","locations":[{"start":{"line":20,"column":15},"end":{"line":20,"column":23}},{"start":{"line":20,"column":25},"end":{"line":20,"column":27}}],"line":20},"8":{"loc":{"start":{"line":20,"column":37},"end":{"line":20,"column":49}},"type":"binary-expr","locations":[{"start":{"line":20,"column":37},"end":{"line":20,"column":45}},{"start":{"line":20,"column":47},"end":{"line":20,"column":49}}],"line":20},"9":{"loc":{"start":{"line":20,"column":60},"end":{"line":20,"column":72}},"type":"binary-expr","locations":[{"start":{"line":20,"column":60},"end":{"line":20,"column":68}},{"start":{"line":20,"column":70},"end":{"line":20,"column":72}}],"line":20},"10":{"loc":{"start":{"line":21,"column":2},"end":{"line":26,"column":3}},"type":"switch","locations":[{"start":{"line":22,"column":4},"end":{"line":22,"column":100}},{"start":{"line":23,"column":4},"end":{"line":23,"column":80}},{"start":{"line":24,"column":4},"end":{"line":24,"column":104}},{"start":{"line":25,"column":4},"end":{"line":25,"column":80}}],"line":21},"11":{"loc":{"start":{"line":22,"column":43},"end":{"line":22,"column":64}},"type":"cond-expr","locations":[{"start":{"line":22,"column":49},"end":{"line":22,"column":61}},{"start":{"line":22,"column":62},"end":{"line":22,"column":64}}],"line":22},"12":{"loc":{"start":{"line":22,"column":67},"end":{"line":22,"column":90}},"type":"cond-expr","locations":[{"start":{"line":22,"column":74},"end":{"line":22,"column":87}},{"start":{"line":22,"column":88},"end":{"line":22,"column":90}}],"line":22},"13":{"loc":{"start":{"line":24,"column":35},"end":{"line":24,"column":56}},"type":"cond-expr","locations":[{"start":{"line":24,"column":41},"end":{"line":24,"column":53}},{"start":{"line":24,"column":54},"end":{"line":24,"column":56}}],"line":24},"14":{"loc":{"start":{"line":24,"column":59},"end":{"line":24,"column":86}},"type":"cond-expr","locations":[{"start":{"line":24,"column":66},"end":{"line":24,"column":83}},{"start":{"line":24,"column":84},"end":{"line":24,"column":86}}],"line":24},"15":{"loc":{"start":{"line":30,"column":2},"end":{"line":30,"column":22}},"type":"if","locations":[{"start":{"line":30,"column":2},"end":{"line":30,"column":22}},{"start":{},"end":{}}],"line":30}},"s":{"0":2,"1":2,"2":14,"3":2,"4":12,"5":12,"6":1,"7":11,"8":11,"9":11,"10":11,"11":0,"12":16,"13":2,"14":14,"15":14,"16":14,"17":14,"18":14,"19":9,"20":1,"21":2,"22":2,"23":8,"24":2,"25":6,"26":6,"27":6,"28":2},"f":{"0":14,"1":16,"2":8},"b":{"0":[2,12],"1":[14,12],"2":[1,11],"3":[11,0],"4":[11,0],"5":[11,1],"6":[2,14],"7":[14,0],"8":[14,0],"9":[14,2],"10":[9,1,2,2],"11":[9,0],"12":[8,1],"13":[2,0],"14":[1,1],"15":[2,6]},"_coverageSchema":"1a1c01bbd47fc00a2c39e90264f33305004495a9","hash":"9dcdb55d6d19d612b8a47c25b16944e930bd9097"}
}
