TN:
SF:src\__tests__\testApp.js
FNF:0
FNH:0
DA:1,1
DA:3,1
DA:4,1
DA:6,1
DA:7,1
DA:8,1
DA:9,1
DA:10,1
DA:11,1
DA:13,1
DA:14,1
DA:15,1
DA:17,1
DA:18,1
DA:19,1
DA:20,1
DA:21,1
DA:22,1
DA:24,1
LF:19
LH:19
BRF:0
BRH:0
end_of_record
TN:
SF:src\middleware\auth.js
FN:3,requireAuth
FNF:1
FNH:1
FNDA:17,requireAuth
DA:1,1
DA:3,1
DA:4,17
DA:5,17
DA:6,4
DA:8,13
DA:9,13
DA:10,13
DA:11,13
DA:12,13
DA:14,0
LF:11
LH:10
BRDA:5,0,0,4
BRDA:5,0,1,13
BRDA:5,1,0,17
BRDA:5,1,1,13
BRF:4
BRH:4
end_of_record
TN:
SF:src\routes\applications.js
FN:8,(anonymous_0)
FNF:1
FNH:1
FNDA:3,(anonymous_0)
DA:1,1
DA:2,1
DA:3,1
DA:5,1
DA:8,1
DA:9,3
DA:11,3
DA:12,3
DA:13,3
DA:14,1
DA:15,1
DA:16,1
DA:19,3
DA:33,3
DA:36,1
LF:15
LH:15
BRDA:9,0,0,3
BRDA:9,1,0,3
BRDA:12,2,0,1
BRDA:12,2,1,2
BRDA:13,3,0,1
BRDA:13,3,1,2
BRDA:13,4,0,3
BRDA:13,4,1,2
BRDA:15,5,0,1
BRDA:15,5,1,0
BRDA:16,6,0,1
BRDA:16,6,1,0
BRF:12
BRH:10
end_of_record
TN:
SF:src\routes\auth.js
FN:9,(anonymous_0)
FN:36,(anonymous_1)
FNF:2
FNH:1
FNDA:4,(anonymous_0)
FNDA:0,(anonymous_1)
DA:1,1
DA:2,1
DA:3,1
DA:4,1
DA:6,1
DA:9,1
DA:10,4
DA:11,4
DA:12,1
DA:15,3
DA:16,3
DA:17,1
DA:20,2
DA:21,2
DA:22,1
DA:25,1
DA:31,1
DA:35,1
DA:36,1
DA:37,0
DA:38,0
DA:39,0
DA:42,0
DA:43,0
DA:44,0
DA:46,0
DA:47,0
DA:48,0
DA:51,1
LF:29
LH:20
BRDA:11,0,0,1
BRDA:11,0,1,3
BRDA:11,1,0,4
BRDA:11,1,1,3
BRDA:16,2,0,1
BRDA:16,2,1,2
BRDA:21,3,0,1
BRDA:21,3,1,1
BRDA:38,4,0,0
BRDA:38,4,1,0
BRDA:38,5,0,0
BRDA:38,5,1,0
BRDA:38,5,2,0
BRDA:44,6,0,0
BRDA:44,6,1,0
BRF:15
BRH:8
end_of_record
TN:
SF:src\routes\directions.js
FN:8,(anonymous_0)
FN:23,(anonymous_1)
FN:35,(anonymous_2)
FN:48,(anonymous_3)
FN:63,(anonymous_4)
FN:72,(anonymous_5)
FN:86,(anonymous_6)
FN:101,(anonymous_7)
FNF:8
FNH:8
FNDA:3,(anonymous_0)
FNDA:1,(anonymous_1)
FNDA:1,(anonymous_2)
FNDA:1,(anonymous_3)
FNDA:1,(anonymous_4)
FNDA:1,(anonymous_5)
FNDA:1,(anonymous_6)
FNDA:1,(anonymous_7)
DA:1,1
DA:2,1
DA:3,1
DA:5,1
DA:8,1
DA:9,3
DA:19,3
DA:23,1
DA:24,1
DA:31,1
DA:35,1
DA:36,1
DA:37,1
DA:38,1
DA:41,1
DA:43,0
DA:48,1
DA:49,1
DA:50,1
DA:51,1
DA:52,1
DA:56,1
DA:58,0
DA:63,1
DA:64,1
DA:65,1
DA:66,1
DA:72,1
DA:73,1
DA:74,1
DA:75,1
DA:76,1
DA:79,1
DA:81,0
DA:86,1
DA:87,1
DA:88,1
DA:89,1
DA:90,1
DA:94,1
DA:96,0
DA:101,1
DA:102,1
DA:103,1
DA:104,1
DA:107,1
LF:46
LH:42
BRDA:39,0,0,1
BRDA:39,0,1,0
BRDA:77,1,0,1
BRDA:77,1,1,0
BRDA:77,2,0,1
BRDA:77,2,1,0
BRF:6
BRH:3
end_of_record
TN:
SF:src\routes\funnel.js
FN:16,(anonymous_0)
FNF:1
FNH:1
FNDA:8,(anonymous_0)
DA:1,1
DA:2,1
DA:4,1
DA:6,1
DA:16,1
DA:17,8
DA:18,8
DA:19,2
DA:21,6
DA:22,6
DA:30,6
DA:32,0
DA:36,1
LF:13
LH:12
BRDA:18,0,0,2
BRDA:18,0,1,6
BRDA:18,1,0,8
BRDA:18,1,1,7
BRDA:18,1,2,7
BRDA:27,2,0,6
BRDA:27,2,1,0
BRF:7
BRH:6
end_of_record
TN:
SF:src\routes\generate.js
FN:12,formatDate
FN:23,getTemplatePath
FN:29,(anonymous_2)
FN:99,(anonymous_3)
FNF:4
FNH:4
FNDA:4,formatDate
FNDA:1,getTemplatePath
FNDA:8,(anonymous_2)
FNDA:2,(anonymous_3)
DA:1,1
DA:2,1
DA:3,1
DA:4,1
DA:5,1
DA:6,1
DA:7,1
DA:9,1
DA:13,4
DA:14,4
DA:15,4
DA:16,4
DA:19,1
DA:21,1
DA:24,1
DA:25,1
DA:29,1
DA:39,8
DA:42,8
DA:43,2
DA:45,6
DA:46,1
DA:48,5
DA:49,6
DA:50,1
DA:53,4
DA:54,1
DA:58,3
DA:59,3
DA:62,2
DA:63,2
DA:64,3
DA:65,3
DA:66,2
DA:71,1
DA:72,0
DA:73,0
DA:75,1
DA:76,1
DA:79,1
DA:80,1
DA:82,1
DA:83,1
DA:84,1
DA:87,1
DA:99,1
DA:100,2
DA:101,2
DA:102,2
DA:103,2
DA:104,2
DA:109,1
DA:110,1
DA:111,1
DA:112,1
DA:114,0
DA:116,0
DA:117,0
DA:122,0
DA:123,0
DA:124,0
DA:125,0
DA:126,0
DA:128,0
DA:129,0
DA:133,0
DA:134,0
DA:135,0
DA:150,0
DA:153,0
DA:154,0
DA:155,0
DA:156,0
DA:159,1
LF:74
LH:54
BRDA:13,0,0,0
BRDA:13,0,1,4
BRDA:24,1,0,0
BRDA:24,1,1,1
BRDA:42,2,0,2
BRDA:42,2,1,6
BRDA:42,3,0,8
BRDA:42,3,1,7
BRDA:42,3,2,6
BRDA:42,3,3,6
BRDA:42,3,4,6
BRDA:45,4,0,1
BRDA:45,4,1,5
BRDA:49,5,0,1
BRDA:49,5,1,5
BRDA:49,6,0,6
BRDA:49,6,1,5
BRDA:53,7,0,1
BRDA:53,7,1,3
BRDA:53,8,0,4
BRDA:53,8,1,2
BRDA:53,8,2,1
BRDA:59,9,0,1
BRDA:59,9,1,2
BRDA:65,10,0,1
BRDA:65,10,1,2
BRDA:71,11,0,0
BRDA:71,11,1,1
BRDA:73,12,0,0
BRDA:73,12,1,0
BRDA:79,13,0,1
BRDA:79,13,1,0
BRDA:101,14,0,2
BRDA:101,14,1,0
BRDA:111,15,0,1
BRDA:111,15,1,0
BRDA:140,16,0,0
BRDA:140,16,1,0
BRDA:141,17,0,0
BRDA:141,17,1,0
BRF:40
BRH:28
end_of_record
TN:
SF:src\routes\stats.js
FN:8,(anonymous_0)
FN:41,(anonymous_1)
FN:44,(anonymous_2)
FN:48,(anonymous_3)
FN:52,(anonymous_4)
FN:56,(anonymous_5)
FN:61,(anonymous_6)
FN:67,(anonymous_7)
FN:71,(anonymous_8)
FN:78,(anonymous_9)
FN:96,(anonymous_10)
FN:106,(anonymous_11)
FNF:12
FNH:9
FNDA:1,(anonymous_0)
FNDA:2,(anonymous_1)
FNDA:3,(anonymous_2)
FNDA:0,(anonymous_3)
FNDA:0,(anonymous_4)
FNDA:0,(anonymous_5)
FNDA:1,(anonymous_6)
FNDA:6,(anonymous_7)
FNDA:6,(anonymous_8)
FNDA:6,(anonymous_9)
FNDA:1,(anonymous_10)
FNDA:12,(anonymous_11)
DA:1,1
DA:2,1
DA:3,1
DA:5,1
DA:8,1
DA:9,1
DA:10,1
DA:11,1
DA:13,1
DA:40,1
DA:41,2
DA:43,1
DA:44,3
DA:46,1
DA:48,0
DA:52,0
DA:56,0
DA:61,1
DA:63,1
DA:64,1
DA:66,1
DA:68,6
DA:71,6
DA:76,1
DA:78,6
DA:85,1
DA:92,1
DA:96,1
DA:97,1
DA:98,1
DA:99,1
DA:101,1
DA:106,12
DA:112,1
DA:113,0
DA:114,0
DA:117,1
DA:120,1
LF:38
LH:33
BRDA:49,0,0,0
BRDA:49,0,1,0
BRDA:53,1,0,0
BRDA:53,1,1,0
BRDA:82,2,0,6
BRDA:82,2,1,0
BRDA:89,3,0,1
BRDA:89,3,1,0
BRDA:97,4,0,1
BRDA:97,4,1,0
BRF:10
BRH:3
end_of_record
TN:
SF:src\utils\fio.js
FN:6,declineFio
FN:17,applyFioFormat
FN:29,formatDate
FNF:3
FNH:3
FNDA:14,declineFio
FNDA:16,applyFioFormat
FNDA:8,formatDate
DA:1,2
DA:3,2
DA:7,14
DA:8,12
DA:9,12
DA:10,11
DA:11,11
DA:12,11
DA:13,11
DA:14,0
DA:18,16
DA:19,14
DA:20,14
DA:21,14
DA:22,9
DA:23,1
DA:24,2
DA:25,2
DA:30,8
DA:31,6
DA:32,6
DA:33,6
DA:36,2
LF:23
LH:22
BRDA:7,0,0,2
BRDA:7,0,1,12
BRDA:7,1,0,14
BRDA:7,1,1,12
BRDA:9,2,0,1
BRDA:9,2,1,11
BRDA:10,3,0,11
BRDA:10,3,1,0
BRDA:10,4,0,11
BRDA:10,4,1,0
BRDA:10,5,0,11
BRDA:10,5,1,1
BRDA:18,6,0,2
BRDA:18,6,1,14
BRDA:20,7,0,14
BRDA:20,7,1,0
BRDA:20,8,0,14
BRDA:20,8,1,0
BRDA:20,9,0,14
BRDA:20,9,1,2
BRDA:21,10,0,9
BRDA:21,10,1,1
BRDA:21,10,2,2
BRDA:21,10,3,2
BRDA:22,11,0,9
BRDA:22,11,1,0
BRDA:22,12,0,8
BRDA:22,12,1,1
BRDA:24,13,0,2
BRDA:24,13,1,0
BRDA:24,14,0,1
BRDA:24,14,1,1
BRDA:30,15,0,2
BRDA:30,15,1,6
BRF:34
BRH:28
end_of_record
